Copyright 1986-2022 Xilinx, Inc. All Rights Reserved. Copyright 2022-2024 Advanced Micro Devices, Inc. All Rights Reserved.
-----------------------------------------------------------------------------------------------------------------------------------------------
| Tool Version : Vivado v.2024.1 (win64) Build 5076996 Wed May 22 18:37:14 MDT 2024
| Date         : Thu Dec 18 09:48:20 2025
| Host         : LAPTOP-4M3FRHUI running 64-bit major release  (build 9200)
| Command      : report_methodology -file Top_methodology_drc_routed.rpt -pb Top_methodology_drc_routed.pb -rpx Top_methodology_drc_routed.rpx
| Design       : Top
| Device       : xc7a100tcsg324-1
| Speed File   : -1
| Design State : Fully Routed
-----------------------------------------------------------------------------------------------------------------------------------------------

Report Methodology

Table of Contents
-----------------
1. REPORT SUMMARY
2. REPORT DETAILS

1. REPORT SUMMARY
-----------------
            Netlist: netlist
          Floorplan: design_1
      Design limits: <entire design considered>
             Max violations: <unlimited>
             Violations found: 18
+-----------+----------+------------------------------------------------------+------------+
| Rule      | Severity | Description                                          | Violations |
+-----------+----------+------------------------------------------------------+------------+
| TIMING-18 | Warning  | Missing input or output delay                        | 17         |
| XDCC-4    | Warning  | User Clock constraint overwritten with the same name | 1          |
+-----------+----------+------------------------------------------------------+------------+

2. REPORT DETAILS
-----------------
TIMING-18#1 Warning
Missing input or output delay  
An input delay is missing on BTN_CORTO relative to the rising and/or falling clock edge(s) of sys_clk_pin.
Related violations: <none>

TIMING-18#2 Warning
Missing input or output delay  
An input delay is missing on BTN_ENCENDER relative to the rising and/or falling clock edge(s) of sys_clk_pin.
Related violations: <none>

TIMING-18#3 Warning
Missing input or output delay  
An input delay is missing on BTN_LARGO relative to the rising and/or falling clock edge(s) of sys_clk_pin.
Related violations: <none>

TIMING-18#4 Warning
Missing input or output delay  
An input delay is missing on RESET relative to the rising and/or falling clock edge(s) of sys_clk_pin.
Related violations: <none>

TIMING-18#5 Warning
Missing input or output delay  
An output delay is missing on ANODOS[0] relative to the rising and/or falling clock edge(s) of sys_clk_pin.
Related violations: <none>

TIMING-18#6 Warning
Missing input or output delay  
An output delay is missing on ANODOS[1] relative to the rising and/or falling clock edge(s) of sys_clk_pin.
Related violations: <none>

TIMING-18#7 Warning
Missing input or output delay  
An output delay is missing on AUDIO_PWM relative to the rising and/or falling clock edge(s) of sys_clk_pin.
Related violations: <none>

TIMING-18#8 Warning
Missing input or output delay  
An output delay is missing on AUDIO_SD relative to the rising and/or falling clock edge(s) of sys_clk_pin.
Related violations: <none>

TIMING-18#9 Warning
Missing input or output delay  
An output delay is missing on BOMBA_CAFE relative to the rising and/or falling clock edge(s) of sys_clk_pin.
Related violations: <none>

TIMING-18#10 Warning
Missing input or output delay  
An output delay is missing on BOMBA_LECHE relative to the rising and/or falling clock edge(s) of sys_clk_pin.
Related violations: <none>

TIMING-18#11 Warning
Missing input or output delay  
An output delay is missing on SEG_DISP[0] relative to the rising and/or falling clock edge(s) of sys_clk_pin.
Related violations: <none>

TIMING-18#12 Warning
Missing input or output delay  
An output delay is missing on SEG_DISP[1] relative to the rising and/or falling clock edge(s) of sys_clk_pin.
Related violations: <none>

TIMING-18#13 Warning
Missing input or output delay  
An output delay is missing on SEG_DISP[2] relative to the rising and/or falling clock edge(s) of sys_clk_pin.
Related violations: <none>

TIMING-18#14 Warning
Missing input or output delay  
An output delay is missing on SEG_DISP[3] relative to the rising and/or falling clock edge(s) of sys_clk_pin.
Related violations: <none>

TIMING-18#15 Warning
Missing input or output delay  
An output delay is missing on SEG_DISP[4] relative to the rising and/or falling clock edge(s) of sys_clk_pin.
Related violations: <none>

TIMING-18#16 Warning
Missing input or output delay  
An output delay is missing on SEG_DISP[5] relative to the rising and/or falling clock edge(s) of sys_clk_pin.
Related violations: <none>

TIMING-18#17 Warning
Missing input or output delay  
An output delay is missing on SEG_DISP[6] relative to the rising and/or falling clock edge(s) of sys_clk_pin.
Related violations: <none>

XDCC-4#1 Warning
User Clock constraint overwritten with the same name  
A new clock constraint create_clock overrides a previous user clock constraint with the same name.
New: create_clock -period 10.000 -name sys_clk_pin -waveform {0.000 5.000} -add [get_ports CLK] (Source: C:/Users/danie/Desktop/FR_SED/Trabajo/Nexys-A7-100T-Master.xdc (Line: 9))
Previous: create_clock -period 10.000 -name sys_clk_pin -waveform {0.000 5.000} -add [get_ports CLK] (Source: C:/Users/danie/Desktop/lab_virtual.xdc (Line: 9))
Related violations: <none>


